C51 COMPILER V9.60.0.0   LAMP_MAIN                                                         02/23/2023 06:07:29 PAGE 1   


C51 COMPILER V9.60.0.0, COMPILATION OF MODULE LAMP_MAIN
OBJECT MODULE PLACED IN .\src\lamp_main.OBJ
COMPILER INVOKED BY: C:\SiliconLabs\SimplicityStudio\v5\developer\toolchains\keil_8051\9.60\BIN\C51.exe C:\Users\elass\S
                    -implicityStudio\v5_workspace\lamp_2\src\lamp_main.c OMF2 SMALL DEBUG OBJECTEXTEND ROM(LARGE) WARNINGLEVEL(2) FLOATFUZZY(
                    -3) OPTIMIZE(9,SPEED) DEFINE(NDEBUG=1) INTVECTOR(0X0000) INTPROMOTE INCDIR(C:\Users\elass\SimplicityStudio\v5_workspace\l
                    -amp_2\inc;C:/SiliconLabs/SimplicityStudio/v5/developer/sdks/8051/v4.2.5//Device/shared/si8051Base;C:/SiliconLabs/Simplic
                    -ityStudio/v5/developer/sdks/8051/v4.2.5//Device/EFM8BB52/inc) REGFILE(lamp_2.ORC) PRINT(.\src\lamp_main.lst) COND PAGEWI
                    -DTH(120) PAGELENGTH(65) OBJECT(.\src\lamp_main.OBJ)

line level    source

   1          //=========================================================
   2          // src/lamp_main.c: generated by Hardware Configurator
   3          //
   4          // This file will be updated when saving a document.
   5          // leave the sections inside the "$[...]" comment tags alone
   6          // or they will be overwritten!!
   7          //=========================================================
   8          
   9          //-----------------------------------------------------------------------------
  10          // Includes
  11          //-----------------------------------------------------------------------------
  12          #include <state_machine.h>
  13          #include <SI_EFM8BB52_Register_Enums.h>                  // SFR declarations
  14          #include "InitDevice.h"
  15          #include "timer_4.h"
  16          
  17          // $[Generated Includes]
  18          // [Generated Includes]$
  19          
  20          // Mask of all five buttons within PORT3.
  21          #define P3_BTN_BMASK (P3_B4__BMASK | P3_B3__BMASK | P3_B2__BMASK \
  22                                | P3_B1__BMASK | P3_B0__BMASK)
  23          
  24          //-----------------------------------------------------------------------------
  25          // SiLabs_Startup() Routine
  26          // ----------------------------------------------------------------------------
  27          // This function is called immediately after reset, before the initialization
  28          // code is run in SILABS_STARTUP.A51 (which runs before main() ). This is a
  29          // useful place to disable the watchdog timer, which is enable by default
  30          // and may trigger before main() in some instances.
  31          //-----------------------------------------------------------------------------
  32          void
  33          SiLabs_Startup(void)
  34          {
  35   1        // $[SiLabs Startup]
  36   1        // [SiLabs Startup]$
  37   1      }
  38          
  39          
  40          
  41          
  42          
  43          
  44          int main(void) {
  45   1        event_t event;
  46   1      
  47   1        // Call hardware initialization routine
  48   1        enter_DefaultMode_from_RESET ();
  49   1      
  50   1        // Set all the button pins high.
  51   1        // Because the pins are configured as open-drain, setting them high disables
C51 COMPILER V9.60.0.0   LAMP_MAIN                                                         02/23/2023 06:07:29 PAGE 2   

  52   1        // their MOSFETs (which would otherwise pull down against their internal
  53   1        // pullup resistors and external pullups, if present) and lets the pullups
  54   1        // pull them high.
  55   1        // Then, when they are externally pulled low by the user pressing the tactile
  56   1        // switches, we will be able to read this as a change in this very same PORT3
  57   1        // register.
  58   1        P3 |= P3_BTN_BMASK;
  59   1      
  60   1      
  61   1        // Main loop
  62   1        while (1){
  63   2            // $[Generated Run-time code]
  64   2            // [Generated Run-time code]$
  65   2      
  66   2            // Fetch current event, run the state machine, and delay
  67   2            event = fetch_event();
  68   2            state_machine_run_iteration(event);
  69   2            timer_4_delay_ms(STATE_MACHINE_PERIOD);
  70   2          }
  71   1      }


MODULE INFORMATION:   STATIC OVERLAYABLE
   CODE SIZE        =     28    ----
   CONSTANT SIZE    =   ----    ----
   XDATA SIZE       =   ----    ----
   PDATA SIZE       =   ----    ----
   DATA SIZE        =   ----       1
   IDATA SIZE       =   ----    ----
   BIT SIZE         =   ----    ----
   EDATA SIZE       =   ----    ----
   HDATA SIZE       =   ----    ----
   XDATA CONST SIZE =   ----    ----
   FAR CONST SIZE   =   ----    ----
END OF MODULE INFORMATION.


C51 COMPILATION COMPLETE.  0 WARNING(S),  0 ERROR(S)
