C51 COMPILER V9.60.0.0   TIMER_4                                                           02/23/2023 06:07:29 PAGE 1   


C51 COMPILER V9.60.0.0, COMPILATION OF MODULE TIMER_4
OBJECT MODULE PLACED IN .\src\timer_4.OBJ
COMPILER INVOKED BY: C:\SiliconLabs\SimplicityStudio\v5\developer\toolchains\keil_8051\9.60\BIN\C51.exe C:\Users\elass\S
                    -implicityStudio\v5_workspace\lamp_2\src\timer_4.c OMF2 SMALL DEBUG OBJECTEXTEND ROM(LARGE) WARNINGLEVEL(2) FLOATFUZZY(3)
                    - OPTIMIZE(9,SPEED) DEFINE(NDEBUG=1) INTVECTOR(0X0000) INTPROMOTE INCDIR(C:\Users\elass\SimplicityStudio\v5_workspace\lam
                    -p_2\inc;C:/SiliconLabs/SimplicityStudio/v5/developer/sdks/8051/v4.2.5//Device/shared/si8051Base;C:/SiliconLabs/Simplicit
                    -yStudio/v5/developer/sdks/8051/v4.2.5//Device/EFM8BB52/inc) REGFILE(lamp_2.ORC) PRINT(.\src\timer_4.lst) COND PAGEWIDTH(
                    -120) PAGELENGTH(65) OBJECT(.\src\timer_4.OBJ)

line level    source

   1          /*
   2           * timer_4.c
   3           *
   4           *  Created on: Feb 18, 2023
   5           *      Author: elass
   6           */
   7          #include <SI_EFM8BB52_Register_Enums.h>                  // SFR declarations
   8          #include "timer_4.h"
   9          
  10          // Millisecond delay timer based on ticks of timer 4. Accurate for ms_delay >> 1
  11          void timer_4_delay_ms(uint32_t ms_delay){
  12   1      
  13   1       uint32_t timer_4_cycles_seen = 0;
  14   1       uint8_t timer_4_previous_value;
  15   1      
  16   1       // Switch to the timer 4 SFR page
  17   1       uint8_t SFRPAGE_save = SFRPAGE;
  18   1       SFRPAGE = 0x10;
  19   1      
  20   1       timer_4_previous_value = TMR4L;
  21   1      
  22   1       // Stay in loop till enough ms cycles are seen
  23   1       while(timer_4_cycles_seen != ms_delay){
  24   2      
  25   2           // Wait for timer 4 counter to change, then store its new value and add one
  26   2           // cycle to the ms counter
  27   2           while(timer_4_previous_value == TMR4L);
  28   2           timer_4_previous_value = TMR4L;
  29   2           timer_4_cycles_seen += 1;
  30   2       }
  31   1      
  32   1       // Switch back to the original SFR page
  33   1       SFRPAGE = SFRPAGE_save;
  34   1      }


MODULE INFORMATION:   STATIC OVERLAYABLE
   CODE SIZE        =     84    ----
   CONSTANT SIZE    =   ----    ----
   XDATA SIZE       =   ----    ----
   PDATA SIZE       =   ----    ----
   DATA SIZE        =   ----      10
   IDATA SIZE       =   ----    ----
   BIT SIZE         =   ----    ----
   EDATA SIZE       =   ----    ----
   HDATA SIZE       =   ----    ----
   XDATA CONST SIZE =   ----    ----
   FAR CONST SIZE   =   ----    ----
END OF MODULE INFORMATION.


C51 COMPILATION COMPLETE.  0 WARNING(S),  0 ERROR(S)
